<?xml version="1.0" encoding="UTF-8"?>
<!-- Generated by org.testng.reporters.JUnitReportReporter -->
<testsuite hostname="Conquer" name="com.test.utils.TestClass" tests="1" failures="0" timestamp="29 Jul 2016 00:13:53 GMT" time="0.010" errors="0">
  <testcase name="testOutput" time="0.010" classname="com.test.utils.TestClass"/>
</testsuite> <!-- com.test.utils.TestClass -->
